c:\users\angel\downloads\intel-sgx-crypto-demo-master\system_security_normal\x64\simulation\system_security_normal.pch
c:\users\angel\downloads\intel-sgx-crypto-demo-master\system_security_normal\x64\simulation\vc140.pdb
c:\users\angel\downloads\intel-sgx-crypto-demo-master\system_security_normal\x64\simulation\vc140.idb
c:\users\angel\downloads\intel-sgx-crypto-demo-master\system_security_normal\x64\simulation\pch.obj
c:\users\angel\downloads\intel-sgx-crypto-demo-master\system_security_normal\x64\simulation\getopt.obj
c:\users\angel\downloads\intel-sgx-crypto-demo-master\system_security_normal\x64\simulation\system_security_normal.obj
c:\users\angel\downloads\intel-sgx-crypto-demo-master\system_security_normal\x64\simulation\system_security_trusted_u.obj
c:\users\angel\downloads\intel-sgx-crypto-demo-master\system_security_normal\system_security_trusted_u.h
c:\users\angel\downloads\intel-sgx-crypto-demo-master\system_security_normal\system_security_trusted_u.c
c:\users\angel\downloads\intel-sgx-crypto-demo-master\x64\simulation\system_security_normal.ilk
c:\users\angel\downloads\intel-sgx-crypto-demo-master\x64\simulation\system_security_normal.exe
c:\users\angel\downloads\intel-sgx-crypto-demo-master\x64\simulation\system_security_normal.pdb
c:\users\angel\downloads\intel-sgx-crypto-demo-master\system_security_normal\x64\simulation\system_s.071c7888.tlog\cl.command.1.tlog
c:\users\angel\downloads\intel-sgx-crypto-demo-master\system_security_normal\x64\simulation\system_s.071c7888.tlog\cl.read.1.tlog
c:\users\angel\downloads\intel-sgx-crypto-demo-master\system_security_normal\x64\simulation\system_s.071c7888.tlog\cl.write.1.tlog
c:\users\angel\downloads\intel-sgx-crypto-demo-master\system_security_normal\x64\simulation\system_s.071c7888.tlog\custombuild.command.1.tlog
c:\users\angel\downloads\intel-sgx-crypto-demo-master\system_security_normal\x64\simulation\system_s.071c7888.tlog\custombuild.read.1.tlog
c:\users\angel\downloads\intel-sgx-crypto-demo-master\system_security_normal\x64\simulation\system_s.071c7888.tlog\custombuild.write.1.tlog
c:\users\angel\downloads\intel-sgx-crypto-demo-master\system_security_normal\x64\simulation\system_s.071c7888.tlog\link.command.1.tlog
c:\users\angel\downloads\intel-sgx-crypto-demo-master\system_security_normal\x64\simulation\system_s.071c7888.tlog\link.read.1.tlog
c:\users\angel\downloads\intel-sgx-crypto-demo-master\system_security_normal\x64\simulation\system_s.071c7888.tlog\link.write.1.tlog
