  Creating proxy/bridge routines
  System_Security_Trusted.cpp
System_Security_Trusted.cpp(37): warning C4267: 'argumento': conversión de 'size_t' a 'const uint32_t'; posible pérdida de datos
System_Security_Trusted.cpp(41): warning C4267: 'argumento': conversión de 'size_t' a 'const uint32_t'; posible pérdida de datos
System_Security_Trusted.cpp(98): warning C4267: 'argumento': conversión de 'size_t' a 'uint32_t'; posible pérdida de datos
System_Security_Trusted.cpp(113): warning C4267: 'argumento': conversión de 'size_t' a 'uint32_t'; posible pérdida de datos
  System_Security_Trusted_t.c
     Creando biblioteca C:\Users\Angel\Downloads\Intel-SGX-Crypto-Demo-master\x64\Debug\System_Security_Trusted.lib y objeto C:\Users\Angel\Downloads\Intel-SGX-Crypto-Demo-master\x64\Debug\System_Security_Trusted.exp
  System_Security_Trusted.vcxproj -> C:\Users\Angel\Downloads\Intel-SGX-Crypto-Demo-master\x64\Debug\System_Security_Trusted.dll
  System_Security_Trusted.vcxproj -> C:\Users\Angel\Downloads\Intel-SGX-Crypto-Demo-master\x64\Debug\System_Security_Trusted.pdb (Full PDB)
  The required memory is 0x1e8000.
  Succeed.
  <EnclaveConfiguration>
      <ProdID>0</ProdID>
      <ISVSVN>0</ISVSVN>
      <StackMaxSize>0x40000</StackMaxSize>
      <HeapMaxSize>0x100000</HeapMaxSize>
      <TCSNum>1</TCSNum>
      <TCSPolicy>1</TCSPolicy>
      <DisableDebug>0</DisableDebug>
      <MiscSelect>0</MiscSelect>
      <MiscMask>0xFFFFFFFF</MiscMask>
  </EnclaveConfiguration>
